0 info it worked if it ends with ok
1 verbose cli [ 'node', '/usr/local/bin/npm', 'start' ]
2 info using npm@2.0.0-beta.0
3 info using node@v0.10.31
4 verbose node symlink /usr/local/bin/node
5 verbose run-script [ 'prestart', 'start', 'poststart' ]
6 info prestart TextProc@0.0.1
7 info start TextProc@0.0.1
8 verbose unsafe-perm in lifecycle true
9 info TextProc@0.0.1 Failed to exec start script
10 error TextProc@0.0.1 start: `node ./bin/www`
10 error Exit status 8
11 error Failed at the TextProc@0.0.1 start script.
11 error This is most likely a problem with the TextProc package,
11 error not with npm itself.
11 error Tell the author that this fails on your system:
11 error     node ./bin/www
11 error You can get their info via:
11 error     npm owner ls TextProc
11 error There is likely additional logging output above.
12 error System Darwin 13.3.0
13 error command "node" "/usr/local/bin/npm" "start"
14 error cwd /Users/Ethan/Dropbox/CSyStuff/ProgrammingGit/StuffIWrote/NodeJS/CoffeeScript/TextProc
15 error node -v v0.10.31
16 error npm -v 2.0.0-beta.0
17 error code ELIFECYCLE
18 verbose exit [ 1, true ]
